0 info it worked if it ends with ok
1 verbose cli [ 'C:\\Program Files\\nodejs\\node.exe',
1 verbose cli   'C:\\Program Files\\nodejs\\node_modules\\npm\\bin\\npm-cli.js',
1 verbose cli   'start' ]
2 info using npm@3.10.8
3 info using node@v6.9.1
4 warn onload-script failed to require onload script npm-autoinit/autoinit
5 warn onload-script Error: Cannot find module 'npm-autoinit/autoinit'
5 warn onload-script     at Function.Module._resolveFilename (module.js:469:15)
5 warn onload-script     at Function.Module._load (module.js:417:25)
5 warn onload-script     at Module.require (module.js:497:17)
5 warn onload-script     at require (internal/module.js:20:19)
5 warn onload-script     at cb (C:\Program Files\nodejs\node_modules\npm\lib\npm.js:199:11)
5 warn onload-script     at C:\Program Files\nodejs\node_modules\npm\lib\npm.js:304:16
5 warn onload-script     at C:\Program Files\nodejs\node_modules\npm\lib\config\core.js:81:7
5 warn onload-script     at Array.forEach (native)
5 warn onload-script     at C:\Program Files\nodejs\node_modules\npm\lib\config\core.js:80:13
5 warn onload-script     at f (C:\Program Files\nodejs\node_modules\npm\node_modules\once\once.js:25:25)
5 warn onload-script  { Error: Cannot find module 'npm-autoinit/autoinit'
5 warn onload-script     at Function.Module._resolveFilename (module.js:469:15)
5 warn onload-script     at Function.Module._load (module.js:417:25)
5 warn onload-script     at Module.require (module.js:497:17)
5 warn onload-script     at require (internal/module.js:20:19)
5 warn onload-script     at cb (C:\Program Files\nodejs\node_modules\npm\lib\npm.js:199:11)
5 warn onload-script     at C:\Program Files\nodejs\node_modules\npm\lib\npm.js:304:16
5 warn onload-script     at C:\Program Files\nodejs\node_modules\npm\lib\config\core.js:81:7
5 warn onload-script     at Array.forEach (native)
5 warn onload-script     at C:\Program Files\nodejs\node_modules\npm\lib\config\core.js:80:13
5 warn onload-script     at f (C:\Program Files\nodejs\node_modules\npm\node_modules\once\once.js:25:25) code: 'MODULE_NOT_FOUND' }
6 verbose run-script [ 'prestart', 'start', 'poststart' ]
7 info lifecycle movs2ndtry@1.0.0~prestart: movs2ndtry@1.0.0
8 silly lifecycle movs2ndtry@1.0.0~prestart: no script for prestart, continuing
9 info lifecycle movs2ndtry@1.0.0~start: movs2ndtry@1.0.0
10 verbose lifecycle movs2ndtry@1.0.0~start: unsafe-perm in lifecycle true
11 verbose lifecycle movs2ndtry@1.0.0~start: PATH: C:\Program Files\nodejs\node_modules\npm\bin\node-gyp-bin;C:\Users\ho-bondarenko\Documents\React\movs2ndtry\node_modules\.bin;C:\Users\ho-bondarenko\bin;C:\Program Files\Git\mingw64\bin;C:\Program Files\Git\usr\local\bin;C:\Program Files\Git\usr\bin;C:\Program Files\Git\usr\bin;C:\Program Files\Git\mingw64\bin;C:\Program Files\Git\usr\bin;C:\Users\ho-bondarenko\bin;C:\Program Files (x86)\AMD APP\bin\x86_64;C:\Program Files (x86)\AMD APP\bin\x86;C:\ProgramData\Oracle\Java\javapath;C:\oraclexe\app\oracle\product\11.2.0\server\bin;C:\Windows\system32;C:\Windows;C:\Windows\System32\Wbem;C:\Windows\System32\WindowsPowerShell\v1.0;C:\Program Files\Git\cmd;C:\Program Files (x86)\Skype\Phone;C:\Program Files (x86)\Windows Kits\8.1\Windows Performance Toolkit;C:\Program Files\nodejs;C:\Program Files (x86)\ATI Technologies\ATI.ACE\Core-Static;C:\Ruby23\bin;C:\Users\ho-bondarenko\AppData\Local\Programs\Python\Python35-32\Scripts;C:\Users\ho-bondarenko\AppData\Local\Programs\Python\Python35-32;C:\Users\ho-bondarenko\AppData\Roaming\npm;C:\Users\ho-bondarenko\AppData\Local\atom\bin;C:\Program Files\Git\usr\bin\vendor_perl;C:\Program Files\Git\usr\bin\core_perl
12 verbose lifecycle movs2ndtry@1.0.0~start: CWD: C:\Users\ho-bondarenko\Documents\React\movs2ndtry
13 silly lifecycle movs2ndtry@1.0.0~start: Args: [ '/d /s /c', 'node server.js' ]
14 silly lifecycle movs2ndtry@1.0.0~start: Returned: code: 1  signal: null
15 info lifecycle movs2ndtry@1.0.0~start: Failed to exec start script
16 verbose stack Error: movs2ndtry@1.0.0 start: `node server.js`
16 verbose stack Exit status 1
16 verbose stack     at EventEmitter.<anonymous> (C:\Program Files\nodejs\node_modules\npm\lib\utils\lifecycle.js:255:16)
16 verbose stack     at emitTwo (events.js:106:13)
16 verbose stack     at EventEmitter.emit (events.js:191:7)
16 verbose stack     at ChildProcess.<anonymous> (C:\Program Files\nodejs\node_modules\npm\lib\utils\spawn.js:40:14)
16 verbose stack     at emitTwo (events.js:106:13)
16 verbose stack     at ChildProcess.emit (events.js:191:7)
16 verbose stack     at maybeClose (internal/child_process.js:877:16)
16 verbose stack     at Process.ChildProcess._handle.onexit (internal/child_process.js:226:5)
17 verbose pkgid movs2ndtry@1.0.0
18 verbose cwd C:\Users\ho-bondarenko\Documents\React\movs2ndtry
19 error Windows_NT 6.1.7601
20 error argv "C:\\Program Files\\nodejs\\node.exe" "C:\\Program Files\\nodejs\\node_modules\\npm\\bin\\npm-cli.js" "start"
21 error node v6.9.1
22 error npm  v3.10.8
23 error code ELIFECYCLE
24 error movs2ndtry@1.0.0 start: `node server.js`
24 error Exit status 1
25 error Failed at the movs2ndtry@1.0.0 start script 'node server.js'.
25 error Make sure you have the latest version of node.js and npm installed.
25 error If you do, this is most likely a problem with the movs2ndtry package,
25 error not with npm itself.
25 error Tell the author that this fails on your system:
25 error     node server.js
25 error You can get information on how to open an issue for this project with:
25 error     npm bugs movs2ndtry
25 error Or if that isn't available, you can get their info via:
25 error     npm owner ls movs2ndtry
25 error There is likely additional logging output above.
26 verbose exit [ 1, true ]
